[debug] [2025-08-22T06:10:23.840Z] ----------------------------------------------------------------------
[debug] [2025-08-22T06:10:23.843Z] Command:       C:\nvm4w\nodejs\node.exe C:\nvm4w\nodejs\node_modules\firebase-tools\lib\bin\firebase.js init
[debug] [2025-08-22T06:10:23.844Z] CLI Version:   14.14.0
[debug] [2025-08-22T06:10:23.844Z] Platform:      win32
[debug] [2025-08-22T06:10:23.844Z] Node Version:  v20.18.2
[debug] [2025-08-22T06:10:23.844Z] Time:          Fri Aug 22 2025 00:10:23 GMT-0600 (hora estándar central)
[debug] [2025-08-22T06:10:23.844Z] ----------------------------------------------------------------------
[debug] 
[debug] [2025-08-22T06:10:23.851Z] > command requires scopes: ["email","openid","https://www.googleapis.com/auth/cloudplatformprojects.readonly","https://www.googleapis.com/auth/firebase","https://www.googleapis.com/auth/cloud-platform"]
[debug] [2025-08-22T06:10:23.851Z] > authorizing via signed-in user (prototyp3d.sv@gmail.com)
[info] 
     ######## #### ########  ######## ########     ###     ######  ########
     ##        ##  ##     ## ##       ##     ##  ##   ##  ##       ##
     ######    ##  ########  ######   ########  #########  ######  ######
     ##        ##  ##    ##  ##       ##     ## ##     ##       ## ##
     ##       #### ##     ## ######## ########  ##     ##  ######  ########

You're about to initialize a Firebase project in this directory:

  C:\Users\gaaca\Documents\lem-portafolio

[debug] [2025-08-22T06:14:03.288Z] ExitPromptError: User force closed the prompt with SIGINT
    at Interface.sigint (C:\Users\gaaca\AppData\Local\nvm\v20.18.2\node_modules\firebase-tools\node_modules\@inquirer\core\dist\commonjs\lib\create-prompt.js:101:37)
    at Interface.emit (node:events:518:28)
    at Interface.emit (node:domain:489:12)
    at [_ttyWrite] [as _ttyWrite] (node:internal/readline/interface:1125:18)
    at ReadStream.onkeypress (node:internal/readline/interface:264:20)
    at ReadStream.emit (node:events:530:35)
    at ReadStream.emit (node:domain:489:12)
    at emitKeys (node:internal/readline/utils:371:14)
    at emitKeys.next (<anonymous>)
    at ReadStream.onData (node:internal/readline/emitKeypressEvents:64:36)
[error] 
[error] Error: An unexpected error has occurred.
